<?xml version="1.0" encoding="UTF-8"?>
<!-- Generated by org.testng.reporters.JUnitReportReporter -->
<testsuite hostname="DESKTOP-PU8PIN3" failures="0" tests="1" name="TestNgConcept.ParameterDemo" time="12.204" errors="0" timestamp="2024-12-10T14:34:18 IST" skipped="0">
  <testcase classname="TestNgConcept.ParameterDemo" name="login" time="12.204"/>
  <system-out/>
</testsuite> <!-- TestNgConcept.ParameterDemo -->
