<?xml version="1.0" encoding="UTF-8"?>
<!-- Generated by org.testng.reporters.JUnitReportReporter -->
<testsuite hostname="DESKTOP-PU8PIN3" failures="0" tests="2" name="TestNgConcept.DependsOnMethods" time="0.024" errors="0" timestamp="2024-12-10T09:28:57 IST" skipped="0">
  <testcase classname="TestNgConcept.DependsOnMethods" name="Verifylogin" time="0.003"/>
  <system-out/>
  <testcase classname="TestNgConcept.DependsOnMethods" name="VerifyLosTItem" time="0.021"/>
  <system-out/>
</testsuite> <!-- TestNgConcept.DependsOnMethods -->
