<?xml version="1.0" encoding="UTF-8"?>
<!-- Generated by org.testng.reporters.JUnitReportReporter -->
<testsuite hostname="DESKTOP-PU8PIN3" failures="0" tests="1" name="TestCases.AddToCartTestCase" time="20.204" errors="0" timestamp="2024-12-19T11:03:04 IST" skipped="0">
  <testcase classname="TestCases.AddToCartTestCase" name="VerifyCartAmmount" time="20.204"/>
  <system-out/>
</testsuite> <!-- TestCases.AddToCartTestCase -->
