<?xml version="1.0" encoding="UTF-8"?>
<!-- Generated by org.testng.reporters.JUnitReportReporter -->
<testsuite hostname="DESKTOP-PU8PIN3" failures="0" tests="3" name="TestNgConcept.PriorityDemo" time="0.030" errors="0" timestamp="2024-12-10T09:18:55 IST" skipped="0">
  <testcase classname="TestNgConcept.PriorityDemo" name="Verifylogin" time="0.025"/>
  <system-out/>
  <testcase classname="TestNgConcept.PriorityDemo" name="Verifylostatom" time="0.002"/>
  <system-out/>
  <testcase classname="TestNgConcept.PriorityDemo" name="Verifysignup" time="0.003"/>
  <system-out/>
</testsuite> <!-- TestNgConcept.PriorityDemo -->
