<?xml version="1.0" encoding="UTF-8"?>
<!-- Generated by org.testng.reporters.JUnitReportReporter -->
<testsuite hostname="DESKTOP-PU8PIN3" failures="0" tests="2" name="TestCases.RegisterTestCase" time="43.730" errors="0" timestamp="2024-12-17T11:49:18 IST" skipped="0">
  <testcase classname="TestCases.RegisterTestCase" name="VerifyRegistrationwithBlankData" time="23.024"/>
  <system-out/>
  <testcase classname="TestCases.RegisterTestCase" name="VerifyRegistrationwithValidDtat" time="20.706"/>
  <system-out/>
</testsuite> <!-- TestCases.RegisterTestCase -->
