<?xml version="1.0" encoding="UTF-8"?>
<!-- Generated by org.testng.reporters.JUnitReportReporter -->
<testsuite hostname="DESKTOP-PU8PIN3" failures="0" tests="3" name="TestNgConcept.groupsDemo" time="0.037" errors="0" timestamp="2024-12-10T12:11:04 IST" skipped="0">
  <testcase classname="TestNgConcept.groupsDemo" name="VerifyLosTItem1" time="0.028"/>
  <system-out/>
  <testcase classname="TestNgConcept.groupsDemo" name="Verifylogin" time="0.003"/>
  <system-out/>
  <testcase classname="TestNgConcept.groupsDemo" name="VerifyLosTItem2" time="0.006"/>
  <system-out/>
</testsuite> <!-- TestNgConcept.groupsDemo -->
