<?xml version="1.0" encoding="UTF-8"?>
<!-- Generated by org.testng.reporters.JUnitReportReporter -->
<testsuite hostname="DESKTOP-PU8PIN3" failures="0" tests="2" name="TestNgConcept.Demo1" time="0.015" errors="0" timestamp="2024-12-10T08:41:04 IST" skipped="0">
  <testcase classname="TestNgConcept.Demo1" name="method1" time="0.007"/>
  <system-out/>
  <testcase classname="TestNgConcept.Demo1" name="method2" time="0.008"/>
  <system-out/>
</testsuite> <!-- TestNgConcept.Demo1 -->
