<?xml version="1.0" encoding="UTF-8"?>
<!-- Generated by org.testng.reporters.JUnitReportReporter -->
<testsuite hostname="DESKTOP-PU8PIN3" failures="0" tests="2" name="TestNgConcept.dataProvider" time="47.049" errors="0" timestamp="2024-12-11T09:30:05 IST" skipped="0">
  <testcase classname="TestNgConcept.dataProvider" name="login" time="23.053"/>
  <system-out/>
  <testcase classname="TestNgConcept.dataProvider" name="login" time="23.996"/>
  <system-out/>
</testsuite> <!-- TestNgConcept.dataProvider -->
