<?xml version="1.0" encoding="UTF-8"?>
<!-- Generated by org.testng.reporters.JUnitReportReporter -->
<testsuite hostname="DESKTOP-PU8PIN3" failures="0" tests="1" name="TestCases.LoginPageTestCase" time="18.034" errors="0" timestamp="2024-12-17T11:49:18 IST" skipped="0">
  <testcase classname="TestCases.LoginPageTestCase" name="VerifyLoginWithValidData" time="18.034"/>
  <system-out/>
</testsuite> <!-- TestCases.LoginPageTestCase -->
